<?xml version="1.0" encoding="UTF-8"?>
<!-- Generated by org.testng.reporters.JUnitReportReporter -->
<testsuite hostname="YCSLAP1011" failures="0" tests="1" name="project_Amazontest.Testcase4_edit_profile_information" time="23.275" errors="0" timestamp="2024-11-25T10:48:32 IST" skipped="0">
  <testcase classname="project_Amazontest.Testcase4_edit_profile_information" name="Addnewaddress" time="23.275">
    <system-out>
      <![CDATA[Testcase is pass]]>
    </system-out>
  </testcase> <!-- Addnewaddress -->
  <system-out>
    <![CDATA[Testcase is pass
Testcase is pass
Testcase is pass
Testcase is fail
Testcase is pass
Testcase is pass
Testcase is pass
Testcase is pass
Testcase is pass]]>
  </system-out>
</testsuite> <!-- project_Amazontest.Testcase4_edit_profile_information -->
