<?xml version="1.0" encoding="UTF-8"?>
<!-- Generated by org.testng.reporters.JUnitReportReporter -->
<testsuite hostname="YCSLAP1011" failures="0" tests="1" name="project_Amazontest.Testcase7_productdetailpage_displays_price_reviews_description" time="13.453" errors="0" timestamp="2024-11-25T10:48:32 IST" skipped="0">
  <testcase classname="project_Amazontest.Testcase7_productdetailpage_displays_price_reviews_description" name="searching_shoe" time="13.453">
    <system-out>
      <![CDATA[Testcase is pass]]>
    </system-out>
  </testcase> <!-- searching_shoe -->
  <system-out>
    <![CDATA[Testcase is pass
Testcase is pass
Testcase is pass
Testcase is fail
Testcase is pass
Testcase is pass
Testcase is pass
Testcase is pass
Testcase is pass]]>
  </system-out>
</testsuite> <!-- project_Amazontest.Testcase7_productdetailpage_displays_price_reviews_description -->
