<?xml version="1.0" encoding="UTF-8"?>
<!-- Generated by org.testng.reporters.JUnitReportReporter -->
<testsuite hostname="YCSLAP1011" failures="0" tests="1" name="project_Amazontest.Testcase2_login_with_correct_credentials" time="8.088" errors="0" timestamp="2024-11-25T10:48:32 IST" skipped="0">
  <testcase classname="project_Amazontest.Testcase2_login_with_correct_credentials" name="login_with_correct_credentials" time="8.088">
    <system-out>
      <![CDATA[Testcase is pass]]>
    </system-out>
  </testcase> <!-- login_with_correct_credentials -->
  <system-out>
    <![CDATA[Testcase is pass
Testcase is pass
Testcase is pass
Testcase is fail
Testcase is pass
Testcase is pass
Testcase is pass
Testcase is pass
Testcase is pass]]>
  </system-out>
</testsuite> <!-- project_Amazontest.Testcase2_login_with_correct_credentials -->
