<?xml version="1.0" encoding="UTF-8"?>
<!-- Generated by org.testng.reporters.JUnitReportReporter -->
<testsuite hostname="YCSLAP1011" failures="0" tests="1" name="Package1.Ecommerce_Project1.AppTest" time="0.017" errors="0" timestamp="2024-11-25T10:48:32 IST" skipped="0">
  <testcase classname="Package1.Ecommerce_Project1.AppTest" name="shouldAnswerWithTrue" time="0.017"/>
  <system-out>
    <![CDATA[Testcase is pass
Testcase is pass
Testcase is pass
Testcase is fail
Testcase is pass
Testcase is pass
Testcase is pass
Testcase is pass
Testcase is pass]]>
  </system-out>
</testsuite> <!-- Package1.Ecommerce_Project1.AppTest -->
