<?xml version="1.0" encoding="UTF-8"?>
<!-- Generated by org.testng.reporters.JUnitReportReporter -->
<testsuite hostname="YCSLAP1011" failures="0" tests="1" name="project_Amazontest.Testcase3_login_with_invalid_cred" time="9.548" errors="0" timestamp="2024-12-11T16:01:41 IST" skipped="0">
  <testcase classname="project_Amazontest.Testcase3_login_with_invalid_cred" name="login_with_incorrect_credentials" time="9.548"/>
  <system-out>
    <![CDATA[Testcase is pass]]>
  </system-out>
</testsuite> <!-- project_Amazontest.Testcase3_login_with_invalid_cred -->
