<?xml version="1.0" encoding="UTF-8"?>
<!-- Generated by org.testng.reporters.JUnitReportReporter -->
<testsuite hostname="YCSLAP1011" failures="0" tests="1" name="project_Amazontest.Testcase13_applycouponcode" time="25.804" errors="0" timestamp="2024-12-11T14:26:25 IST" skipped="0">
  <testcase classname="project_Amazontest.Testcase13_applycouponcode" name="Checkoutprocess" time="25.804"/>
  <system-out>
    <![CDATA[Testcase is pass]]>
  </system-out>
</testsuite> <!-- project_Amazontest.Testcase13_applycouponcode -->
