<?xml version="1.0" encoding="UTF-8"?>
<!-- Generated by org.testng.reporters.JUnitReportReporter -->
<testsuite hostname="YCSLAP1011" failures="0" tests="1" name="project_Amazontest.Testcase7_productdetailpage_displays_price_reviews_description" time="22.169" errors="0" timestamp="2024-12-11T12:31:33 IST" skipped="0">
  <testcase classname="project_Amazontest.Testcase7_productdetailpage_displays_price_reviews_description" name="searching_shoe" time="22.169"/>
  <system-out>
    <![CDATA[Testcase is pass]]>
  </system-out>
</testsuite> <!-- project_Amazontest.Testcase7_productdetailpage_displays_price_reviews_description -->
