<?xml version="1.0" encoding="UTF-8"?>
<!-- Generated by org.testng.reporters.JUnitReportReporter -->
<testsuite hostname="YCSLAP1011" failures="0" tests="1" name="project_Amazontest.Testcase5_searchproduct_shoe" time="13.205" errors="0" timestamp="2024-12-05T15:51:51 IST" skipped="0">
  <testcase classname="project_Amazontest.Testcase5_searchproduct_shoe" name="searching_shoe" time="13.205"/>
  <system-out>
    <![CDATA[Testcase is pass]]>
  </system-out>
</testsuite> <!-- project_Amazontest.Testcase5_searchproduct_shoe -->
