<?xml version="1.0" encoding="UTF-8"?>
<!-- Generated by org.testng.reporters.JUnitReportReporter -->
<testsuite hostname="YCSLAP1011" failures="0" tests="1" name="project_Amazontest.Testcase6_searching_with_filter_category_price" time="57.269" errors="0" timestamp="2024-12-04T11:15:18 IST" skipped="0">
  <testcase classname="project_Amazontest.Testcase6_searching_with_filter_category_price" name="searchwithfilters" time="57.269"/>
  <system-out>
    <![CDATA[Testcase is pass]]>
  </system-out>
</testsuite> <!-- project_Amazontest.Testcase6_searching_with_filter_category_price -->
