<?xml version="1.0" encoding="UTF-8"?>
<!-- Generated by org.testng.reporters.JUnitReportReporter -->
<testsuite hostname="YCSLAP1011" failures="0" tests="1" name="project_Amazontest.Testcase15_withoutloginamazon_reachcartpage" time="22.231" errors="0" timestamp="2024-12-11T15:16:11 IST" skipped="0">
  <testcase classname="project_Amazontest.Testcase15_withoutloginamazon_reachcartpage" name="Reachaddtocart" time="22.231"/>
  <system-out>
    <![CDATA[Testcase is pass]]>
  </system-out>
</testsuite> <!-- project_Amazontest.Testcase15_withoutloginamazon_reachcartpage -->
